<?xml version="1.0" encoding="UTF-8"?>
<!-- Generated by org.testng.reporters.JUnitReportReporter -->
<testsuite hostname="AllendeMacBook-Pro15.local" failures="0" tests="1" name="util.TestUtil" time="0.473" errors="0" timestamp="08 Aug 2018 20:06:23 GMT" skipped="0">
  <testcase classname="util.TestUtil" name="readExcel" time="0.473"/>
</testsuite> <!-- util.TestUtil -->
