<?xml version="1.0" encoding="UTF-8"?>
<!-- Generated by org.testng.reporters.JUnitReportReporter -->
<testsuite hostname="AllendeMacBook-Pro15.local" failures="0" tests="1" name="tests.LoginTest" time="0.179" errors="0" timestamp="08 Aug 2018 19:10:41 GMT" skipped="0">
  <testcase classname="tests.LoginTest" name="init" time="0.179"/>
</testsuite> <!-- tests.LoginTest -->
